googlemapssdkm4b_lib/build/intermediates/manifest_merge_blame_file/debug/manifest-merger-blame-debug-report.txt
1<?xml version="1.0" encoding="utf-8"?>
2<manifest xmlns:android="http://schemas.android.com/apk/res/android"
3    package="com.google.android.m4b.maps"
4    android:versionCode="1"
5    android:versionName="1.0" >
6
7    <uses-sdk
8        android:minSdkVersion="14"
8-->src\main\AndroidManifest.xml
9        android:targetSdkVersion="28" />
9-->src\main\AndroidManifest.xml
10
11    <uses-permission android:name="android.permission.INTERNET" />
11-->src\main\AndroidManifest.xml:6:3-64
11-->src\main\AndroidManifest.xml:6:20-62
12    <uses-permission android:name="android.permission.ACCESS_NETWORK_STATE" />
12-->src\main\AndroidManifest.xml:7:3-76
12-->src\main\AndroidManifest.xml:7:20-74
13    <!-- Optional, needed for My Location without custom location provider. -->
14    <uses-permission android:name="android.permission.ACCESS_COARSE_LOCATION" />
14-->src\main\AndroidManifest.xml:9:3-78
14-->src\main\AndroidManifest.xml:9:20-76
15    <uses-permission android:name="android.permission.ACCESS_FINE_LOCATION" />
15-->src\main\AndroidManifest.xml:10:3-76
15-->src\main\AndroidManifest.xml:10:20-74
16    <!-- Maps API needs OpenGL ES 2.0. -->
17    <uses-feature
17-->src\main\AndroidManifest.xml:12:3-14:30
18        android:glEsVersion="0x00020000"
18-->src\main\AndroidManifest.xml:13:5-37
19        android:required="true" />
19-->src\main\AndroidManifest.xml:14:5-28
20
21    <application>
21-->src\main\AndroidManifest.xml:15:3-18:17
22
23        <!-- Required for Android P onwards. -->
24        <uses-library
24-->src\main\AndroidManifest.xml:17:7-86
25            android:name="org.apache.http.legacy"
25-->src\main\AndroidManifest.xml:17:21-58
26            android:required="false" />
26-->src\main\AndroidManifest.xml:17:59-83
27    </application>
28
29</manifest>